0 verbose cli C:\Program Files\nodejs\node.exe C:\Program Files\nodejs\node_modules\npm\bin\npm-cli.js
1 info using npm@10.9.2
2 info using node@v22.15.0
3 silly config load:file:C:\Program Files\nodejs\node_modules\npm\npmrc
4 silly config load:file:C:\project\e-paper\e-paper\e-paper\.npmrc
5 silly config load:file:C:\Users\rakib\.npmrc
6 silly config load:file:C:\Users\rakib\.npm-global\etc\npmrc
7 verbose title npm install
8 verbose argv "install"
9 verbose logfile logs-max:10 dir:C:\project\e-paper\e-paper\e-paper\UsersmynameAppDataRoamingnpm-cache\_logs\2025-05-18T07_21_22_094Z-
10 verbose logfile C:\project\e-paper\e-paper\e-paper\UsersmynameAppDataRoamingnpm-cache\_logs\2025-05-18T07_21_22_094Z-debug-0.log
11 silly logfile done cleaning log files
12 silly packumentCache heap:4345298944 maxSize:1086324736 maxEntrySize:543162368
13 silly idealTree buildDeps
14 silly reify moves {}
15 verbose reify failed optional dependency C:\project\e-paper\e-paper\e-paper\node_modules\@tailwindcss\oxide-wasm32-wasi
16 silly reify mark deleted [
16 silly reify   'C:\\project\\e-paper\\e-paper\\e-paper\\node_modules\\@tailwindcss\\oxide-wasm32-wasi'
16 silly reify ]
17 silly audit bulk request {
17 silly audit   '@alloc/quick-lru': [ '5.2.0' ],
17 silly audit   '@ampproject/remapping': [ '2.3.0' ],
17 silly audit   '@babel/code-frame': [ '7.27.1' ],
17 silly audit   '@babel/compat-data': [ '7.27.2' ],
17 silly audit   '@babel/core': [ '7.27.1' ],
17 silly audit   'convert-source-map': [ '2.0.0', '1.9.0' ],
17 silly audit   json5: [ '2.2.3', '1.0.2' ],
17 silly audit   semver: [ '6.3.1', '7.5.4', '7.7.2' ],
17 silly audit   '@babel/generator': [ '7.27.1' ],
17 silly audit   '@babel/helper-compilation-targets': [ '7.27.2' ],
17 silly audit   '@babel/helper-module-imports': [ '7.27.1' ],
17 silly audit   '@babel/helper-module-transforms': [ '7.27.1' ],
17 silly audit   '@babel/helper-plugin-utils': [ '7.27.1' ],
17 silly audit   '@babel/helper-string-parser': [ '7.27.1' ],
17 silly audit   '@babel/helper-validator-identifier': [ '7.27.1' ],
17 silly audit   '@babel/helper-validator-option': [ '7.27.1' ],
17 silly audit   '@babel/helpers': [ '7.27.1' ],
17 silly audit   '@babel/parser': [ '7.27.2' ],
17 silly audit   '@babel/plugin-transform-react-jsx-self': [ '7.27.1' ],
17 silly audit   '@babel/plugin-transform-react-jsx-source': [ '7.27.1' ],
17 silly audit   '@babel/runtime': [ '7.27.1' ],
17 silly audit   '@babel/template': [ '7.27.2' ],
17 silly audit   '@babel/traverse': [ '7.27.1' ],
17 silly audit   globals: [ '11.12.0', '14.0.0' ],
17 silly audit   '@babel/types': [ '7.27.1' ],
17 silly audit   '@cspotcode/source-map-support': [ '0.8.1' ],
17 silly audit   '@jridgewell/trace-mapping': [ '0.3.9', '0.3.25' ],
17 silly audit   '@edge-runtime/format': [ '2.2.1' ],
17 silly audit   '@edge-runtime/node-utils': [ '2.3.0' ],
17 silly audit   '@edge-runtime/ponyfill': [ '2.4.2' ],
17 silly audit   '@edge-runtime/primitives': [ '4.1.0' ],
17 silly audit   '@edge-runtime/vm': [ '3.2.0' ],
17 silly audit   '@emnapi/core': [ '1.4.3' ],
17 silly audit   '@emnapi/runtime': [ '1.4.3' ],
17 silly audit   '@emnapi/wasi-threads': [ '1.0.2' ],
17 silly audit   '@emotion/babel-plugin': [ '11.13.5' ],
17 silly audit   '@emotion/cache': [ '11.14.0' ],
17 silly audit   '@emotion/hash': [ '0.9.2' ],
17 silly audit   '@emotion/is-prop-valid': [ '1.3.1' ],
17 silly audit   '@emotion/memoize': [ '0.9.0' ],
17 silly audit   '@emotion/react': [ '11.14.0' ],
17 silly audit   '@emotion/serialize': [ '1.3.3' ],
17 silly audit   '@emotion/sheet': [ '1.4.0' ],
17 silly audit   '@emotion/styled': [ '11.14.0' ],
17 silly audit   '@emotion/unitless': [ '0.10.0' ],
17 silly audit   '@emotion/use-insertion-effect-with-fallbacks': [ '1.2.0' ],
17 silly audit   '@emotion/utils': [ '1.4.2' ],
17 silly audit   '@emotion/weak-memoize': [ '0.4.0' ],
17 silly audit   '@esbuild/aix-ppc64': [ '0.25.4' ],
17 silly audit   '@esbuild/android-arm': [ '0.25.4' ],
17 silly audit   '@esbuild/android-arm64': [ '0.25.4' ],
17 silly audit   '@esbuild/android-x64': [ '0.25.4' ],
17 silly audit   '@esbuild/darwin-arm64': [ '0.25.4' ],
17 silly audit   '@esbuild/darwin-x64': [ '0.25.4' ],
17 silly audit   '@esbuild/freebsd-arm64': [ '0.25.4' ],
17 silly audit   '@esbuild/freebsd-x64': [ '0.25.4' ],
17 silly audit   '@esbuild/linux-arm': [ '0.25.4' ],
17 silly audit   '@esbuild/linux-arm64': [ '0.25.4' ],
17 silly audit   '@esbuild/linux-ia32': [ '0.25.4' ],
17 silly audit   '@esbuild/linux-loong64': [ '0.25.4' ],
17 silly audit   '@esbuild/linux-mips64el': [ '0.25.4' ],
17 silly audit   '@esbuild/linux-ppc64': [ '0.25.4' ],
17 silly audit   '@esbuild/linux-riscv64': [ '0.25.4' ],
17 silly audit   '@esbuild/linux-s390x': [ '0.25.4' ],
17 silly audit   '@esbuild/linux-x64': [ '0.25.4' ],
17 silly audit   '@esbuild/netbsd-arm64': [ '0.25.4' ],
17 silly audit   '@esbuild/netbsd-x64': [ '0.25.4' ],
17 silly audit   '@esbuild/openbsd-arm64': [ '0.25.4' ],
17 silly audit   '@esbuild/openbsd-x64': [ '0.25.4' ],
17 silly audit   '@esbuild/sunos-x64': [ '0.25.4' ],
17 silly audit   '@esbuild/win32-arm64': [ '0.25.4' ],
17 silly audit   '@esbuild/win32-ia32': [ '0.25.4' ],
17 silly audit   '@esbuild/win32-x64': [ '0.25.4' ],
17 silly audit   '@eslint-community/eslint-utils': [ '4.7.0' ],
17 silly audit   'eslint-visitor-keys': [ '3.4.3', '4.2.0' ],
17 silly audit   '@eslint-community/regexpp': [ '4.12.1' ],
17 silly audit   '@eslint/config-array': [ '0.20.0' ],
17 silly audit   '@eslint/config-helpers': [ '0.2.2' ],
17 silly audit   '@eslint/core': [ '0.13.0' ],
17 silly audit   '@eslint/eslintrc': [ '3.3.1' ],
17 silly audit   '@eslint/js': [ '9.26.0' ],
17 silly audit   '@eslint/object-schema': [ '2.1.6' ],
17 silly audit   '@eslint/plugin-kit': [ '0.2.8' ],
17 silly audit   '@fastify/busboy': [ '2.1.1' ],
17 silly audit   '@humanfs/core': [ '0.19.1' ],
17 silly audit   '@humanfs/node': [ '0.16.6' ],
17 silly audit   '@humanwhocodes/retry': [ '0.3.1', '0.4.3' ],
17 silly audit   '@humanwhocodes/module-importer': [ '1.0.1' ],
17 silly audit   '@img/sharp-darwin-arm64': [ '0.34.1' ],
17 silly audit   '@img/sharp-darwin-x64': [ '0.34.1' ],
17 silly audit   '@img/sharp-libvips-darwin-arm64': [ '1.1.0' ],
17 silly audit   '@img/sharp-libvips-darwin-x64': [ '1.1.0' ],
17 silly audit   '@img/sharp-libvips-linux-arm': [ '1.1.0' ],
17 silly audit   '@img/sharp-libvips-linux-arm64': [ '1.1.0' ],
17 silly audit   '@img/sharp-libvips-linux-ppc64': [ '1.1.0' ],
17 silly audit   '@img/sharp-libvips-linux-s390x': [ '1.1.0' ],
17 silly audit   '@img/sharp-libvips-linux-x64': [ '1.1.0' ],
17 silly audit   '@img/sharp-libvips-linuxmusl-arm64': [ '1.1.0' ],
17 silly audit   '@img/sharp-libvips-linuxmusl-x64': [ '1.1.0' ],
17 silly audit   '@img/sharp-linux-arm': [ '0.34.1' ],
17 silly audit   '@img/sharp-linux-arm64': [ '0.34.1' ],
17 silly audit   '@img/sharp-linux-s390x': [ '0.34.1' ],
17 silly audit   '@img/sharp-linux-x64': [ '0.34.1' ],
17 silly audit   '@img/sharp-linuxmusl-arm64': [ '0.34.1' ],
17 silly audit   '@img/sharp-linuxmusl-x64': [ '0.34.1' ],
17 silly audit   '@img/sharp-wasm32': [ '0.34.1' ],
17 silly audit   '@img/sharp-win32-ia32': [ '0.34.1' ],
17 silly audit   '@img/sharp-win32-x64': [ '0.34.1' ],
17 silly audit   '@isaacs/cliui': [ '8.0.2' ],
17 silly audit   '@isaacs/fs-minipass': [ '4.0.1' ],
17 silly audit   '@jridgewell/gen-mapping': [ '0.3.8' ],
17 silly audit   '@jridgewell/resolve-uri': [ '3.1.2' ],
17 silly audit   '@jridgewell/set-array': [ '1.2.1' ],
17 silly audit   '@jridgewell/sourcemap-codec': [ '1.5.0' ],
17 silly audit   '@mapbox/node-pre-gyp': [ '2.0.0' ],
17 silly audit   '@modelcontextprotocol/sdk': [ '1.11.2' ],
17 silly audit   '@mui/core-downloads-tracker': [ '7.1.0' ],
17 silly audit   '@mui/icons-material': [ '7.1.0' ],
17 silly audit   '@mui/material': [ '7.1.0' ],
17 silly audit   'react-is': [ '19.1.0', '16.13.1' ],
17 silly audit   '@mui/private-theming': [ '7.1.0' ],
17 silly audit   '@mui/styled-engine': [ '7.1.0' ],
17 silly audit   '@mui/system': [ '7.1.0' ],
17 silly audit   '@mui/types': [ '7.4.2' ],
17 silly audit   '@mui/utils': [ '7.1.0' ],
17 silly audit   '@mui/x-data-grid': [ '8.3.1' ],
17 silly audit   '@mui/x-date-pickers': [ '8.3.1' ],
17 silly audit   '@mui/x-internals': [ '8.3.1' ],
17 silly audit   '@napi-rs/wasm-runtime': [ '0.2.9' ],
17 silly audit   '@next/env': [ '15.3.2' ],
17 silly audit   '@next/eslint-plugin-next': [ '15.3.2' ],
17 silly audit   '@next/swc-darwin-arm64': [ '15.3.2' ],
17 silly audit   '@next/swc-darwin-x64': [ '15.3.2' ],
17 silly audit   '@next/swc-linux-arm64-gnu': [ '15.3.2' ],
17 silly audit   '@next/swc-linux-arm64-musl': [ '15.3.2' ],
17 silly audit   '@next/swc-linux-x64-gnu': [ '15.3.2' ],
17 silly audit   '@next/swc-linux-x64-musl': [ '15.3.2' ],
17 silly audit   '@next/swc-win32-arm64-msvc': [ '15.3.2' ],
17 silly audit   '@next/swc-win32-x64-msvc': [ '15.3.2' ],
17 silly audit   '@nodelib/fs.scandir': [ '2.1.5' ],
17 silly audit   '@nodelib/fs.stat': [ '2.0.5' ],
17 silly audit   '@nodelib/fs.walk': [ '1.2.8' ],
17 silly audit   '@nolyfill/is-core-module': [ '1.0.39' ],
17 silly audit   '@panva/hkdf': [ '1.2.1' ],
17 silly audit   '@pkgjs/parseargs': [ '0.11.0' ],
17 silly audit   '@popperjs/core': [ '2.11.8' ],
17 silly audit   '@rollup/pluginutils': [ '5.1.4' ],
17 silly audit   picomatch: [ '4.0.2', '2.3.1' ],
17 silly audit   '@rollup/rollup-android-arm-eabi': [ '4.40.2' ],
17 silly audit   '@rollup/rollup-android-arm64': [ '4.40.2' ],
17 silly audit   '@rollup/rollup-darwin-arm64': [ '4.40.2' ],
17 silly audit   '@rollup/rollup-darwin-x64': [ '4.40.2' ],
17 silly audit   '@rollup/rollup-freebsd-arm64': [ '4.40.2' ],
17 silly audit   '@rollup/rollup-freebsd-x64': [ '4.40.2' ],
17 silly audit   '@rollup/rollup-linux-arm-gnueabihf': [ '4.40.2' ],
17 silly audit   '@rollup/rollup-linux-arm-musleabihf': [ '4.40.2' ],
17 silly audit   '@rollup/rollup-linux-arm64-gnu': [ '4.40.2' ],
17 silly audit   '@rollup/rollup-linux-arm64-musl': [ '4.40.2' ],
17 silly audit   '@rollup/rollup-linux-loongarch64-gnu': [ '4.40.2' ],
17 silly audit   '@rollup/rollup-linux-powerpc64le-gnu': [ '4.40.2' ],
17 silly audit   '@rollup/rollup-linux-riscv64-gnu': [ '4.40.2' ],
17 silly audit   '@rollup/rollup-linux-riscv64-musl': [ '4.40.2' ],
17 silly audit   '@rollup/rollup-linux-s390x-gnu': [ '4.40.2' ],
17 silly audit   '@rollup/rollup-linux-x64-gnu': [ '4.40.2' ],
17 silly audit   '@rollup/rollup-linux-x64-musl': [ '4.40.2' ],
17 silly audit   '@rollup/rollup-win32-arm64-msvc': [ '4.40.2' ],
17 silly audit   '@rollup/rollup-win32-ia32-msvc': [ '4.40.2' ],
17 silly audit   '@rollup/rollup-win32-x64-msvc': [ '4.40.2' ],
17 silly audit   '@rtsao/scc': [ '1.1.0' ],
17 silly audit   '@rushstack/eslint-patch': [ '1.11.0' ],
17 silly audit   '@sinclair/typebox': [ '0.25.24' ],
17 silly audit   '@standard-schema/spec': [ '1.0.0' ],
17 silly audit   '@swc/counter': [ '0.1.3' ],
17 silly audit   '@swc/helpers': [ '0.5.15' ],
17 silly audit   '@tailwindcss/node': [ '4.1.6' ],
17 silly audit   '@tailwindcss/oxide': [ '4.1.6' ],
17 silly audit   '@tailwindcss/oxide-android-arm64': [ '4.1.6' ],
17 silly audit   '@tailwindcss/oxide-darwin-arm64': [ '4.1.6' ],
17 silly audit   '@tailwindcss/oxide-darwin-x64': [ '4.1.6' ],
17 silly audit   '@tailwindcss/oxide-freebsd-x64': [ '4.1.6' ],
17 silly audit   '@tailwindcss/oxide-linux-arm-gnueabihf': [ '4.1.6' ],
17 silly audit   '@tailwindcss/oxide-linux-arm64-gnu': [ '4.1.6' ],
17 silly audit   '@tailwindcss/oxide-linux-arm64-musl': [ '4.1.6' ],
17 silly audit   '@tailwindcss/oxide-linux-x64-gnu': [ '4.1.6' ],
17 silly audit   '@tailwindcss/oxide-linux-x64-musl': [ '4.1.6' ],
17 silly audit   '@tailwindcss/oxide-win32-arm64-msvc': [ '4.1.6' ],
17 silly audit   '@tailwindcss/oxide-win32-x64-msvc': [ '4.1.6' ],
17 silly audit   '@tailwindcss/postcss': [ '4.1.6' ],
17 silly audit   '@tanstack/query-core': [ '5.76.0' ],
17 silly audit   '@tanstack/react-query': [ '5.76.1' ],
17 silly audit   '@toolpad/core': [ '0.15.0' ],
17 silly audit   '@types/node': [ '22.15.18', '16.18.11' ],
17 silly audit   '@vitejs/plugin-react': [ '4.4.1' ],
17 silly audit   fdir: [ '6.4.4' ],
17 silly audit   'path-to-regexp': [ '6.3.0', '6.1.0', '1.9.0', '8.2.0' ],
17 silly audit   vite: [ '6.3.5' ],
17 silly audit   yaml: [ '2.8.0', '2.5.1', '1.10.2' ],
17 silly audit   '@toolpad/utils': [ '0.15.0' ],
17 silly audit   '@tootallnate/once': [ '2.0.0' ],
17 silly audit   '@ts-morph/common': [ '0.11.1' ],
17 silly audit   mkdirp: [ '1.0.4', '3.0.1' ],
17 silly audit   '@tsconfig/node10': [ '1.0.11' ],
17 silly audit   '@tsconfig/node12': [ '1.0.11' ],
17 silly audit   '@tsconfig/node14': [ '1.0.3' ],
17 silly audit   '@tsconfig/node16': [ '1.0.4' ],
17 silly audit   '@tybys/wasm-util': [ '0.9.0' ],
17 silly audit   '@types/babel__core': [ '7.20.5' ],
17 silly audit   '@types/babel__generator': [ '7.27.0' ],
17 silly audit   '@types/babel__template': [ '7.4.4' ],
17 silly audit   '@types/babel__traverse': [ '7.20.7' ],
17 silly audit   '@types/estree': [ '1.0.7' ],
17 silly audit   '@types/json-schema': [ '7.0.15' ],
17 silly audit   '@types/json5': [ '0.0.29' ],
17 silly audit   '@types/parse-json': [ '4.0.2' ],
17 silly audit   '@types/prop-types': [ '15.7.14' ],
17 silly audit   '@types/react': [ '19.1.4' ],
17 silly audit   '@types/react-transition-group': [ '4.4.12' ],
17 silly audit   '@typescript-eslint/eslint-plugin': [ '8.32.1' ],
17 silly audit   ignore: [ '7.0.4', '5.3.2' ],
17 silly audit   '@typescript-eslint/parser': [ '8.32.1' ],
17 silly audit   '@typescript-eslint/scope-manager': [ '8.32.1' ],
17 silly audit   '@typescript-eslint/type-utils': [ '8.32.1' ],
17 silly audit   '@typescript-eslint/types': [ '8.32.1' ],
17 silly audit   '@typescript-eslint/typescript-estree': [ '8.32.1' ],
17 silly audit   'brace-expansion': [ '2.0.1', '1.1.11' ],
17 silly audit   'fast-glob': [ '3.3.3', '3.3.1' ],
17 silly audit   'glob-parent': [ '5.1.2', '6.0.2' ],
17 silly audit   minimatch: [ '9.0.5', '3.1.2' ],
17 silly audit   '@typescript-eslint/utils': [ '8.32.1' ],
17 silly audit   '@typescript-eslint/visitor-keys': [ '8.32.1' ],
17 silly audit   '@unrs/resolver-binding-darwin-arm64': [ '1.7.2' ],
17 silly audit   '@unrs/resolver-binding-darwin-x64': [ '1.7.2' ],
17 silly audit   '@unrs/resolver-binding-freebsd-x64': [ '1.7.2' ],
17 silly audit   '@unrs/resolver-binding-linux-arm-gnueabihf': [ '1.7.2' ],
17 silly audit   '@unrs/resolver-binding-linux-arm-musleabihf': [ '1.7.2' ],
17 silly audit   '@unrs/resolver-binding-linux-arm64-gnu': [ '1.7.2' ],
17 silly audit   '@unrs/resolver-binding-linux-arm64-musl': [ '1.7.2' ],
17 silly audit   '@unrs/resolver-binding-linux-ppc64-gnu': [ '1.7.2' ],
17 silly audit   '@unrs/resolver-binding-linux-riscv64-gnu': [ '1.7.2' ],
17 silly audit   '@unrs/resolver-binding-linux-riscv64-musl': [ '1.7.2' ],
17 silly audit   '@unrs/resolver-binding-linux-s390x-gnu': [ '1.7.2' ],
17 silly audit   '@unrs/resolver-binding-linux-x64-gnu': [ '1.7.2' ],
17 silly audit   '@unrs/resolver-binding-linux-x64-musl': [ '1.7.2' ],
17 silly audit   '@unrs/resolver-binding-wasm32-wasi': [ '1.7.2' ],
17 silly audit   '@unrs/resolver-binding-win32-arm64-msvc': [ '1.7.2' ],
17 silly audit   '@unrs/resolver-binding-win32-ia32-msvc': [ '1.7.2' ],
17 silly audit   '@unrs/resolver-binding-win32-x64-msvc': [ '1.7.2' ],
17 silly audit   '@vercel/build-utils': [ '10.5.1' ],
17 silly audit   '@vercel/error-utils': [ '2.0.3' ],
17 silly audit   '@vercel/fun': [ '1.1.6' ],
17 silly audit   chownr: [ '2.0.0', '3.0.0' ],
17 silly audit   debug: [ '4.3.4', '4.4.1', '3.2.7' ],
17 silly audit   ms: [ '2.1.2', '2.1.1', '2.1.3' ],
17 silly audit   'lru-cache': [ '6.0.0', '5.1.1', '10.4.3' ],
17 silly audit   minipass: [ '5.0.0', '3.3.6', '7.1.2' ],
17 silly audit   minizlib: [ '2.1.2', '3.0.2' ],
17 silly audit   tar: [ '6.2.1', '7.4.3' ],
17 silly audit   yallist: [ '4.0.0', '3.1.1', '5.0.0' ],
17 silly audit   '@vercel/gatsby-plugin-vercel-analytics': [ '1.0.11' ],
17 silly audit   '@vercel/gatsby-plugin-vercel-builder': [ '2.0.81' ],
17 silly audit   esbuild: [ '0.14.47', '0.25.4' ],
17 silly audit   '@vercel/go': [ '3.2.1' ],
17 silly audit   '@vercel/hydrogen': [ '1.2.0' ],
17 silly audit   '@vercel/next': [ '4.7.11' ],
17 silly audit   '@vercel/nft': [ '0.29.2' ],
17 silly audit   'resolve-from': [ '5.0.0', '4.0.0' ],
17 silly audit   '@vercel/node': [ '5.1.16' ],
17 silly audit   arg: [ '4.1.3', '5.0.2', '4.1.0' ],
17 silly audit   'async-listen': [ '3.0.0', '1.2.0', '3.0.1' ],
17 silly audit   'node-fetch': [ '2.6.9', '2.6.7' ],
17 silly audit   'ts-node': [ '10.9.1' ],
17 silly audit   typescript: [ '4.9.5', '5.8.3' ],
17 silly audit   '@vercel/python': [ '4.7.2' ],
17 silly audit   '@vercel/redwood': [ '2.3.1' ],
17 silly audit   '@vercel/remix-builder': [ '5.4.6' ],
17 silly audit   '@vercel/ruby': [ '2.2.0' ],
17 silly audit   '@vercel/static-build': [ '2.7.7' ],
17 silly audit   '@vercel/static-config': [ '3.0.0' ],
17 silly audit   ajv: [ '8.6.3', '6.12.6' ],
17 silly audit   'json-schema-traverse': [ '1.0.0', '0.4.1' ],
17 silly audit   abbrev: [ '3.0.1' ],
17 silly audit   accepts: [ '2.0.0' ],
17 silly audit   acorn: [ '8.14.1' ],
17 silly audit   'acorn-import-attributes': [ '1.9.5' ],
17 silly audit   'acorn-jsx': [ '5.3.2' ],
17 silly audit   'acorn-walk': [ '8.3.4' ],
17 silly audit   'agent-base': [ '7.1.3' ],
17 silly audit   'ansi-regex': [ '6.1.0', '5.0.1' ],
17 silly audit   'ansi-styles': [ '4.3.0', '6.2.1' ],
17 silly audit   'any-promise': [ '1.3.0' ],
17 silly audit   argparse: [ '2.0.1' ],
17 silly audit   'aria-query': [ '5.3.2' ],
17 silly audit   'array-buffer-byte-length': [ '1.0.2' ],
17 silly audit   'array-includes': [ '3.1.8' ],
17 silly audit   'array.prototype.findlast': [ '1.2.5' ],
17 silly audit   'array.prototype.findlastindex': [ '1.2.6' ],
17 silly audit   'array.prototype.flat': [ '1.3.3' ],
17 silly audit   'array.prototype.flatmap': [ '1.3.3' ],
17 silly audit   'array.prototype.tosorted': [ '1.1.4' ],
17 silly audit   'arraybuffer.prototype.slice': [ '1.0.4' ],
17 silly audit   'ast-types-flow': [ '0.0.8' ],
17 silly audit   'async-function': [ '1.0.0' ],
17 silly audit   'async-sema': [ '3.1.1' ],
17 silly audit   asynckit: [ '0.4.0' ],
17 silly audit   'available-typed-arrays': [ '1.0.7' ],
17 silly audit   'axe-core': [ '4.10.3' ],
17 silly audit   axios: [ '1.9.0' ],
17 silly audit   'axobject-query': [ '4.1.0' ],
17 silly audit   'babel-plugin-macros': [ '3.1.0' ],
17 silly audit   'balanced-match': [ '1.0.2' ],
17 silly audit   bindings: [ '1.5.0' ],
17 silly audit   'body-parser': [ '2.2.0' ],
17 silly audit   braces: [ '3.0.3' ],
17 silly audit   browserslist: [ '4.24.5' ],
17 silly audit   'buffer-crc32': [ '0.2.13' ],
17 silly audit   busboy: [ '1.6.0' ],
17 silly audit   bytes: [ '3.1.2', '3.1.0' ],
17 silly audit   'call-bind': [ '1.0.8' ],
17 silly audit   'call-bind-apply-helpers': [ '1.0.2' ],
17 silly audit   'call-bound': [ '1.0.4' ],
17 silly audit   callsites: [ '3.1.0' ],
17 silly audit   'caniuse-lite': [ '1.0.30001718' ],
17 silly audit   chalk: [ '4.1.2', '5.4.1' ],
17 silly audit   chokidar: [ '4.0.0' ],
17 silly audit   'cjs-module-lexer': [ '1.2.3' ],
17 silly audit   'client-only': [ '0.0.1' ],
17 silly audit   clipboardy: [ '4.0.0' ],
17 silly audit   clsx: [ '2.1.1' ],
17 silly audit   'code-block-writer': [ '10.1.1' ],
17 silly audit   color: [ '4.2.3' ],
17 silly audit   'color-convert': [ '2.0.1' ],
17 silly audit   'color-name': [ '1.1.4' ],
17 silly audit   'color-string': [ '1.9.1' ],
17 silly audit   'combined-stream': [ '1.0.8' ],
17 silly audit   'concat-map': [ '0.0.1' ],
17 silly audit   consola: [ '3.4.2' ],
17 silly audit   'content-disposition': [ '1.0.0' ],
17 silly audit   'content-type': [ '1.0.5', '1.0.4' ],
17 silly audit   'convert-hrtime': [ '3.0.0' ],
17 silly audit   cookie: [ '0.7.2' ],
17 silly audit   'cookie-signature': [ '1.2.2' ],
17 silly audit   cors: [ '2.8.5' ],
17 silly audit   cosmiconfig: [ '7.1.0' ],
17 silly audit   'create-require': [ '1.1.1' ],
17 silly audit   'cross-spawn': [ '7.0.6' ],
17 silly audit   csstype: [ '3.1.3' ],
17 silly audit   'damerau-levenshtein': [ '1.0.8' ],
17 silly audit   'data-view-buffer': [ '1.0.2' ],
17 silly audit   'data-view-byte-length': [ '1.0.2' ],
17 silly audit   'data-view-byte-offset': [ '1.0.1' ],
17 silly audit   dayjs: [ '1.11.13' ],
17 silly audit   'deep-is': [ '0.1.4' ],
17 silly audit   'define-data-property': [ '1.1.4' ],
17 silly audit   'define-properties': [ '1.2.1' ],
17 silly audit   'delayed-stream': [ '1.0.0' ],
17 silly audit   depd: [ '2.0.0', '1.1.2' ],
17 silly audit   'detect-libc': [ '2.0.4' ],
17 silly audit   diff: [ '4.0.2' ],
17 silly audit   doctrine: [ '2.1.0' ],
17 silly audit   'dom-helpers': [ '5.2.1' ],
17 silly audit   'dunder-proto': [ '1.0.1' ],
17 silly audit   eastasianwidth: [ '0.2.0' ],
17 silly audit   'edge-runtime': [ '2.5.9' ],
17 silly audit   picocolors: [ '1.0.0', '1.1.1' ],
17 silly audit   'signal-exit': [ '4.0.2', '4.1.0' ],
17 silly audit   'ee-first': [ '1.1.1' ],
17 silly audit   'electron-to-chromium': [ '1.5.155' ],
17 silly audit   'emoji-regex': [ '9.2.2', '8.0.0' ],
17 silly audit   encodeurl: [ '2.0.0' ],
17 silly audit   'end-of-stream': [ '1.1.0' ],
17 silly audit   once: [ '1.3.3', '1.4.0' ],
17 silly audit   'enhanced-resolve': [ '5.18.1' ],
17 silly audit   'error-ex': [ '1.3.2' ],
17 silly audit   'is-arrayish': [ '0.2.1', '0.3.2' ],
17 silly audit   'es-abstract': [ '1.23.9' ],
17 silly audit   'es-define-property': [ '1.0.1' ],
17 silly audit   'es-errors': [ '1.3.0' ],
17 silly audit   'es-iterator-helpers': [ '1.2.1' ],
17 silly audit   'es-module-lexer': [ '1.4.1' ],
17 silly audit   'es-object-atoms': [ '1.1.1' ],
17 silly audit   'es-set-tostringtag': [ '2.1.0' ],
17 silly audit   'es-shim-unscopables': [ '1.1.0' ],
17 silly audit   'es-to-primitive': [ '1.3.0' ],
17 silly audit   'esbuild-android-64': [ '0.14.47' ],
17 silly audit   'esbuild-android-arm64': [ '0.14.47' ],
17 silly audit   'esbuild-darwin-64': [ '0.14.47' ],
17 silly audit   'esbuild-darwin-arm64': [ '0.14.47' ],
17 silly audit   'esbuild-freebsd-64': [ '0.14.47' ],
17 silly audit   'esbuild-freebsd-arm64': [ '0.14.47' ],
17 silly audit   'esbuild-linux-32': [ '0.14.47' ],
17 silly audit   'esbuild-linux-64': [ '0.14.47' ],
17 silly audit   'esbuild-linux-arm': [ '0.14.47' ],
17 silly audit   'esbuild-linux-arm64': [ '0.14.47' ],
17 silly audit   'esbuild-linux-mips64le': [ '0.14.47' ],
17 silly audit   'esbuild-linux-ppc64le': [ '0.14.47' ],
17 silly audit   'esbuild-linux-riscv64': [ '0.14.47' ],
17 silly audit   'esbuild-linux-s390x': [ '0.14.47' ],
17 silly audit   'esbuild-netbsd-64': [ '0.14.47' ],
17 silly audit   'esbuild-openbsd-64': [ '0.14.47' ],
17 silly audit   'esbuild-sunos-64': [ '0.14.47' ],
17 silly audit   'esbuild-windows-32': [ '0.14.47' ],
17 silly audit   'esbuild-windows-64': [ '0.14.47' ],
17 silly audit   'esbuild-windows-arm64': [ '0.14.47' ],
17 silly audit   escalade: [ '3.2.0' ],
17 silly audit   'escape-html': [ '1.0.3' ],
17 silly audit   'escape-string-regexp': [ '4.0.0' ],
17 silly audit   eslint: [ '9.26.0' ],
17 silly audit   'eslint-config-next': [ '15.3.2' ],
17 silly audit   'eslint-import-resolver-node': [ '0.3.9' ],
17 silly audit   'eslint-import-resolver-typescript': [ '3.10.1' ],
17 silly audit   'eslint-module-utils': [ '2.12.0' ],
17 silly audit   'eslint-plugin-import': [ '2.31.0' ],
17 silly audit   'eslint-plugin-jsx-a11y': [ '6.10.2' ],
17 silly audit   'eslint-plugin-react': [ '7.37.5' ],
17 silly audit   'eslint-plugin-react-hooks': [ '5.2.0' ],
17 silly audit   resolve: [ '2.0.0-next.5', '1.22.10' ],
17 silly audit   'eslint-scope': [ '8.3.0' ],
17 silly audit   espree: [ '10.3.0' ],
17 silly audit   esquery: [ '1.6.0' ],
17 silly audit   esrecurse: [ '4.3.0' ],
17 silly audit   estraverse: [ '5.3.0' ],
17 silly audit   'estree-walker': [ '2.0.2' ],
17 silly audit   esutils: [ '2.0.3' ],
17 silly audit   etag: [ '1.8.1' ],
17 silly audit   'events-intercept': [ '2.0.0' ],
17 silly audit   eventsource: [ '3.0.7' ],
17 silly audit   'eventsource-parser': [ '3.0.1' ],
17 silly audit   execa: [ '8.0.1' ],
17 silly audit   express: [ '5.1.0' ],
17 silly audit   'express-rate-limit': [ '7.5.0' ],
17 silly audit   'fast-deep-equal': [ '3.1.3' ],
17 silly audit   'fast-json-patch': [ '3.1.1' ],
17 silly audit   'fast-json-stable-stringify': [ '2.1.0' ],
17 silly audit   'fast-levenshtein': [ '2.0.6' ],
17 silly audit   fastq: [ '1.19.1' ],
17 silly audit   'fd-slicer': [ '1.1.0' ],
17 silly audit   'file-entry-cache': [ '8.0.0' ],
17 silly audit   'file-uri-to-path': [ '1.0.0' ],
17 silly audit   'fill-range': [ '7.1.1' ],
17 silly audit   finalhandler: [ '2.1.0' ],
17 silly audit   'find-root': [ '1.1.0' ],
17 silly audit   'find-up': [ '5.0.0' ],
17 silly audit   'flat-cache': [ '4.0.1' ],
17 silly audit   flatted: [ '3.3.3' ],
17 silly audit   'follow-redirects': [ '1.15.9' ],
17 silly audit   'for-each': [ '0.3.5' ],
17 silly audit   'foreground-child': [ '3.3.1' ],
17 silly audit   'form-data': [ '4.0.2' ],
17 silly audit   'mime-db': [ '1.52.0', '1.54.0' ],
17 silly audit   'mime-types': [ '2.1.35', '3.0.1' ],
17 silly audit   forwarded: [ '0.2.0' ],
17 silly audit   'framer-motion': [ '12.11.3' ],
17 silly audit   fresh: [ '2.0.0' ],
17 silly audit   'fs-extra': [ '11.1.0' ],
17 silly audit   'fs-minipass': [ '2.1.0' ],
17 silly audit   fsevents: [ '2.3.3' ],
17 silly audit   'function-bind': [ '1.1.2' ],
17 silly audit   'function.prototype.name': [ '1.1.8' ],
17 silly audit   'functions-have-names': [ '1.2.3' ],
17 silly audit   'generic-pool': [ '3.4.2' ],
17 silly audit   gensync: [ '1.0.0-beta.2' ],
17 silly audit   'get-intrinsic': [ '1.3.0' ],
17 silly audit   'get-proto': [ '1.0.1' ],
17 silly audit   'get-stream': [ '8.0.1' ],
17 silly audit   'get-symbol-description': [ '1.1.0' ],
17 silly audit   'get-tsconfig': [ '4.10.0' ],
17 silly audit   glob: [ '10.4.5' ],
17 silly audit   globalthis: [ '1.0.4' ],
17 silly audit   gopd: [ '1.2.0' ],
17 silly audit   'graceful-fs': [ '4.2.11' ],
17 silly audit   graphemer: [ '1.4.0' ],
17 silly audit   'has-bigints': [ '1.1.0' ],
17 silly audit   'has-flag': [ '4.0.0' ],
17 silly audit   'has-property-descriptors': [ '1.0.2' ],
17 silly audit   'has-proto': [ '1.2.0' ],
17 silly audit   'has-symbols': [ '1.1.0' ],
17 silly audit   'has-tostringtag': [ '1.0.2' ],
17 silly audit   hasown: [ '2.0.2' ],
17 silly audit   'hoist-non-react-statics': [ '3.3.2' ],
17 silly audit   'http-errors': [ '2.0.0', '1.7.3', '1.4.0' ],
17 silly audit   'https-proxy-agent': [ '7.0.6' ],
17 silly audit   'human-signals': [ '5.0.0' ],
17 silly audit   'iconv-lite': [ '0.6.3', '0.4.24' ],
17 silly audit   'import-fresh': [ '3.3.1' ],
17 silly audit   imurmurhash: [ '0.1.4' ],
17 silly audit   inherits: [ '2.0.4', '2.0.1' ],
17 silly audit   'internal-slot': [ '1.1.0' ],
17 silly audit   invariant: [ '2.2.4' ],
17 silly audit   'ipaddr.js': [ '1.9.1' ],
17 silly audit   'is-array-buffer': [ '3.0.5' ],
17 silly audit   'is-async-function': [ '2.1.1' ],
17 silly audit   'is-bigint': [ '1.1.0' ],
17 silly audit   'is-boolean-object': [ '1.2.2' ],
17 silly audit   'is-bun-module': [ '2.0.0' ],
17 silly audit   'is-callable': [ '1.2.7' ],
17 silly audit   'is-core-module': [ '2.16.1' ],
17 silly audit   'is-data-view': [ '1.0.2' ],
17 silly audit   'is-date-object': [ '1.1.0' ],
17 silly audit   'is-docker': [ '3.0.0' ],
17 silly audit   'is-extglob': [ '2.1.1' ],
17 silly audit   'is-finalizationregistry': [ '1.1.1' ],
17 silly audit   'is-fullwidth-code-point': [ '3.0.0' ],
17 silly audit   'is-generator-function': [ '1.1.0' ],
17 silly audit   'is-glob': [ '4.0.3' ],
17 silly audit   'is-inside-container': [ '1.0.0' ],
17 silly audit   'is-map': [ '2.0.3' ],
17 silly audit   'is-number': [ '7.0.0' ],
17 silly audit   'is-number-object': [ '1.1.1' ],
17 silly audit   'is-promise': [ '4.0.0' ],
17 silly audit   'is-regex': [ '1.2.1' ],
17 silly audit   'is-set': [ '2.0.3' ],
17 silly audit   'is-shared-array-buffer': [ '1.0.4' ],
17 silly audit   'is-stream': [ '3.0.0' ],
17 silly audit   'is-string': [ '1.1.1' ],
17 silly audit   'is-symbol': [ '1.1.1' ],
17 silly audit   'is-typed-array': [ '1.1.15' ],
17 silly audit   'is-weakmap': [ '2.0.2' ],
17 silly audit   'is-weakref': [ '1.1.1' ],
17 silly audit   'is-weakset': [ '2.0.4' ],
17 silly audit   'is-wsl': [ '3.1.0' ],
17 silly audit   is64bit: [ '2.0.0' ],
17 silly audit   isarray: [ '2.0.5', '0.0.1' ],
17 silly audit   isexe: [ '2.0.0' ],
17 silly audit   'iterator.prototype': [ '1.1.5' ],
17 silly audit   jackspeak: [ '3.4.3' ],
17 silly audit   jiti: [ '2.4.2' ],
17 silly audit   jose: [ '4.15.9', '5.9.6' ],
17 silly audit   'js-tokens': [ '4.0.0' ],
17 silly audit   'js-yaml': [ '4.1.0' ],
17 silly audit   jsesc: [ '3.1.0' ],
17 silly audit   'json-buffer': [ '3.0.1' ],
17 silly audit   'json-parse-even-better-errors': [ '2.3.1' ],
17 silly audit   'json-schema-to-ts': [ '1.6.4' ],
17 silly audit   'json-stable-stringify-without-jsonify': [ '1.0.1' ],
17 silly audit   jsonfile: [ '6.1.0' ],
17 silly audit   'jsx-ast-utils': [ '3.3.5' ],
17 silly audit   keyv: [ '4.5.4' ],
17 silly audit   'language-subtag-registry': [ '0.3.23' ],
17 silly audit   'language-tags': [ '1.0.9' ],
17 silly audit   levn: [ '0.4.1' ],
17 silly audit   lightningcss: [ '1.29.2' ],
17 silly audit   'lightningcss-darwin-arm64': [ '1.29.2' ],
17 silly audit   'lightningcss-darwin-x64': [ '1.29.2' ],
17 silly audit   'lightningcss-freebsd-x64': [ '1.29.2' ],
17 silly audit   'lightningcss-linux-arm-gnueabihf': [ '1.29.2' ],
17 silly audit   'lightningcss-linux-arm64-gnu': [ '1.29.2' ],
17 silly audit   'lightningcss-linux-arm64-musl': [ '1.29.2' ],
17 silly audit   'lightningcss-linux-x64-gnu': [ '1.29.2' ],
17 silly audit   'lightningcss-linux-x64-musl': [ '1.29.2' ],
17 silly audit   'lightningcss-win32-arm64-msvc': [ '1.29.2' ],
17 silly audit   'lightningcss-win32-x64-msvc': [ '1.29.2' ],
17 silly audit   'lines-and-columns': [ '1.2.4' ],
17 silly audit   'locate-path': [ '6.0.0' ],
17 silly audit   'lodash.merge': [ '4.6.2' ],
17 silly audit   'loose-envify': [ '1.4.0' ],
17 silly audit   'magic-string': [ '0.30.17' ],
17 silly audit   'make-error': [ '1.3.6' ],
17 silly audit   'math-intrinsics': [ '1.1.0' ],
17 silly audit   'media-typer': [ '1.1.0' ],
17 silly audit   'merge-descriptors': [ '2.0.0' ],
17 silly audit   'merge-stream': [ '2.0.0' ],
17 silly audit   merge2: [ '1.4.1' ],
17 silly audit   micro: [ '9.3.5-canary.3' ],
17 silly audit   'raw-body': [ '2.4.1', '3.0.0' ],
17 silly audit   setprototypeof: [ '1.1.1', '1.2.0' ],
17 silly audit   statuses: [ '1.5.0', '2.0.1' ],
17 silly audit   toidentifier: [ '1.0.0', '1.0.1' ],
17 silly audit   micromatch: [ '4.0.8' ],
17 silly audit   'mimic-fn': [ '4.0.0' ],
17 silly audit   minimist: [ '1.2.8' ],
17 silly audit   'motion-dom': [ '12.11.2' ],
17 silly audit   'motion-utils': [ '12.9.4' ],
17 silly audit   mri: [ '1.2.0' ],
17 silly audit   nanoid: [ '3.3.11' ],
17 silly audit   'napi-postinstall': [ '0.2.4' ],
17 silly audit   'natural-compare': [ '1.4.0' ],
17 silly audit   negotiator: [ '1.0.0' ],
17 silly audit   next: [ '15.3.2' ],
17 silly audit   'next-auth': [ '4.24.11' ],
17 silly audit   postcss: [ '8.4.31', '8.5.3' ],
17 silly audit   'node-gyp-build': [ '4.8.4' ],
17 silly audit   'node-releases': [ '2.0.19' ],
17 silly audit   nopt: [ '8.1.0' ],
17 silly audit   'npm-run-path': [ '5.3.0' ],
17 silly audit   'path-key': [ '4.0.0', '3.1.1' ],
17 silly audit   oauth: [ '0.9.15' ],
17 silly audit   'object-assign': [ '4.1.1' ],
17 silly audit   'object-hash': [ '2.2.0' ],
17 silly audit   'object-inspect': [ '1.13.4' ],
17 silly audit   'object-keys': [ '1.1.1' ],
17 silly audit   'object.assign': [ '4.1.7' ],
17 silly audit   'object.entries': [ '1.1.9' ],
17 silly audit   'object.fromentries': [ '2.0.8' ],
17 silly audit   'object.groupby': [ '1.0.3' ],
17 silly audit   'object.values': [ '1.2.1' ],
17 silly audit   'oidc-token-hash': [ '5.1.0' ],
17 silly audit   'on-finished': [ '2.4.1' ],
17 silly audit   onetime: [ '6.0.0' ],
17 silly audit   'openid-client': [ '5.7.1' ],
17 silly audit   oppa: [ '0.4.0' ],
17 silly audit   optionator: [ '0.9.4' ],
17 silly audit   'os-paths': [ '4.4.0' ],
17 silly audit   'own-keys': [ '1.0.1' ],
17 silly audit   'p-limit': [ '3.1.0' ],
17 silly audit   'p-locate': [ '5.0.0' ],
17 silly audit   'package-json-from-dist': [ '1.0.1' ],
17 silly audit   'parent-module': [ '1.0.1' ],
17 silly audit   'parse-json': [ '5.2.0' ],
17 silly audit   'parse-ms': [ '2.1.0' ],
17 silly audit   parseurl: [ '1.3.3' ],
17 silly audit   'path-browserify': [ '1.0.1' ],
17 silly audit   'path-exists': [ '4.0.0' ],
17 silly audit   'path-match': [ '1.2.4' ],
17 silly audit   'path-parse': [ '1.0.7' ],
17 silly audit   'path-scurry': [ '1.11.1' ],
17 silly audit   'path-type': [ '4.0.0' ],
17 silly audit   pend: [ '1.2.0' ],
17 silly audit   'pkce-challenge': [ '5.0.0' ],
17 silly audit   'possible-typed-array-names': [ '1.1.0' ],
17 silly audit   preact: [ '10.26.6' ],
17 silly audit   'preact-render-to-string': [ '5.2.6' ],
17 silly audit   'prelude-ls': [ '1.2.1' ],
17 silly audit   prettier: [ '3.4.2' ],
17 silly audit   'pretty-format': [ '3.8.0' ],
17 silly audit   'pretty-ms': [ '7.0.1' ],
17 silly audit   promisepipe: [ '3.0.0' ],
17 silly audit   'prop-types': [ '15.8.1' ],
17 silly audit   'proxy-addr': [ '2.0.7' ],
17 silly audit   'proxy-from-env': [ '1.1.0' ],
17 silly audit   punycode: [ '2.3.1' ],
17 silly audit   qs: [ '6.14.0' ],
17 silly audit   'queue-microtask': [ '1.2.3' ],
17 silly audit   'range-parser': [ '1.2.1' ],
17 silly audit   react: [ '19.1.0' ],
17 silly audit   'react-dom': [ '19.1.0' ],
17 silly audit   'react-hook-form': [ '7.56.3' ],
17 silly audit   'react-icons': [ '5.5.0' ],
17 silly audit   'react-refresh': [ '0.17.0' ],
17 silly audit   'react-transition-group': [ '4.4.5' ],
17 silly audit   readdirp: [ '4.1.2' ],
17 silly audit   'reflect.getprototypeof': [ '1.0.10' ],
17 silly audit   'regexp.prototype.flags': [ '1.5.4' ],
17 silly audit   'require-from-string': [ '2.0.2' ],
17 silly audit   reselect: [ '5.1.1' ],
17 silly audit   'resolve-pkg-maps': [ '1.0.0' ],
17 silly audit   reusify: [ '1.1.0' ],
17 silly audit   rollup: [ '4.40.2' ],
17 silly audit   router: [ '2.2.0' ],
17 silly audit   'run-parallel': [ '1.2.0' ],
17 silly audit   'safe-array-concat': [ '1.1.3' ],
17 silly audit   'safe-buffer': [ '5.2.1' ],
17 silly audit   'safe-push-apply': [ '1.0.0' ],
17 silly audit   'safe-regex-test': [ '1.1.0' ],
17 silly audit   'safer-buffer': [ '2.1.2' ],
17 silly audit   scheduler: [ '0.26.0' ],
17 silly audit   send: [ '1.2.0' ],
17 silly audit   'serve-static': [ '2.2.0' ],
17 silly audit   'set-function-length': [ '1.2.2' ],
17 silly audit   'set-function-name': [ '2.0.2' ],
17 silly audit   'set-proto': [ '1.0.0' ],
17 silly audit   sharp: [ '0.34.1' ],
17 silly audit   'shebang-command': [ '2.0.0' ],
17 silly audit   'shebang-regex': [ '3.0.0' ],
17 silly audit   'side-channel': [ '1.1.0' ],
17 silly audit   'side-channel-list': [ '1.0.0' ],
17 silly audit   'side-channel-map': [ '1.0.1' ],
17 silly audit   'side-channel-weakmap': [ '1.0.2' ],
17 silly audit   'simple-swizzle': [ '0.2.2' ],
17 silly audit   'source-map': [ '0.5.7' ],
17 silly audit   'source-map-js': [ '1.2.1' ],
17 silly audit   'stable-hash': [ '0.0.5' ],
17 silly audit   'stat-mode': [ '0.3.0' ],
17 silly audit   'stream-to-array': [ '2.3.0' ],
17 silly audit   'stream-to-promise': [ '2.2.0' ],
17 silly audit   streamsearch: [ '1.1.0' ],
17 silly audit   'string-width': [ '5.1.2', '4.2.3' ],
17 silly audit   'strip-ansi': [ '6.0.1', '7.1.0' ],
17 silly audit   'string.prototype.includes': [ '2.0.1' ],
17 silly audit   'string.prototype.matchall': [ '4.0.12' ],
17 silly audit   'string.prototype.repeat': [ '1.0.0' ],
17 silly audit   'string.prototype.trim': [ '1.2.10' ],
17 silly audit   'string.prototype.trimend': [ '1.0.9' ],
17 silly audit   'string.prototype.trimstart': [ '1.0.8' ],
17 silly audit   'strip-bom': [ '3.0.0' ],
17 silly audit   'strip-final-newline': [ '3.0.0' ],
17 silly audit   'strip-json-comments': [ '3.1.1' ],
17 silly audit   'styled-jsx': [ '5.1.6' ],
17 silly audit   stylis: [ '4.2.0' ],
17 silly audit   'supports-color': [ '7.2.0' ],
17 silly audit   'supports-preserve-symlinks-flag': [ '1.0.0' ],
17 silly audit   sweetalert2: [ '11.21.0' ],
17 silly audit   'system-architecture': [ '0.1.0' ],
17 silly audit   tailwindcss: [ '4.1.6' ],
17 silly audit   tapable: [ '2.2.1' ],
17 silly audit   'time-span': [ '4.0.0' ],
17 silly audit   tinyexec: [ '0.3.2' ],
17 silly audit   tinyglobby: [ '0.2.13' ],
17 silly audit   title: [ '4.0.1' ],
17 silly audit   'to-regex-range': [ '5.0.1' ],
17 silly audit   tr46: [ '0.0.3' ],
17 silly audit   'tree-kill': [ '1.2.2' ],
17 silly audit   'ts-api-utils': [ '2.1.0' ],
17 silly audit   'ts-morph': [ '12.0.0' ],
17 silly audit   'ts-toolbelt': [ '6.15.5' ],
17 silly audit   'tsconfig-paths': [ '3.15.0' ],
17 silly audit   tslib: [ '2.8.1' ],
17 silly audit   'type-check': [ '0.4.0' ],
17 silly audit   'type-is': [ '2.0.1' ],
17 silly audit   'typed-array-buffer': [ '1.0.3' ],
17 silly audit   'typed-array-byte-length': [ '1.0.3' ],
17 silly audit   'typed-array-byte-offset': [ '1.0.4' ],
17 silly audit   'typed-array-length': [ '1.0.7' ],
17 silly audit   'uid-promise': [ '1.0.0' ],
17 silly audit   'unbox-primitive': [ '1.1.0' ],
17 silly audit   undici: [ '5.28.4' ],
17 silly audit   'undici-types': [ '6.21.0' ],
17 silly audit   universalify: [ '2.0.1' ],
17 silly audit   unpipe: [ '1.0.0' ],
17 silly audit   'unrs-resolver': [ '1.7.2' ],
17 silly audit   'update-browserslist-db': [ '1.1.3' ],
17 silly audit   'uri-js': [ '4.4.1' ],
17 silly audit   'use-sync-external-store': [ '1.5.0' ],
17 silly audit   uuid: [ '8.3.2' ],
17 silly audit   'v8-compile-cache-lib': [ '3.0.1' ],
17 silly audit   vary: [ '1.1.2' ],
17 silly audit   vercel: [ '41.7.8' ],
17 silly audit   'web-vitals': [ '0.2.4' ],
17 silly audit   'webidl-conversions': [ '3.0.1' ],
17 silly audit   'whatwg-url': [ '5.0.0' ],
17 silly audit   which: [ '2.0.2' ],
17 silly audit   'which-boxed-primitive': [ '1.1.1' ],
17 silly audit   'which-builtin-type': [ '1.2.1' ],
17 silly audit   'which-collection': [ '1.0.2' ],
17 silly audit   'which-typed-array': [ '1.1.19' ],
17 silly audit   'word-wrap': [ '1.2.5' ],
17 silly audit   'wrap-ansi': [ '8.1.0', '7.0.0' ],
17 silly audit   wrappy: [ '1.0.2' ],
17 silly audit   'xdg-app-paths': [ '5.1.0' ],
17 silly audit   'xdg-portable': [ '7.3.0' ],
17 silly audit   'yaml-diff-patch': [ '2.0.0' ],
17 silly audit   yauzl: [ '2.10.0' ],
17 silly audit   'yauzl-clone': [ '1.0.4' ],
17 silly audit   'yauzl-promise': [ '2.1.3' ],
17 silly audit   yn: [ '3.1.1' ],
17 silly audit   'yocto-queue': [ '0.1.0' ],
17 silly audit   zod: [ '3.24.4' ],
17 silly audit   'zod-to-json-schema': [ '3.24.5' ],
17 silly audit   '@tailwindcss/oxide-wasm32-wasi': [ '4.1.6' ]
17 silly audit }
18 verbose reify failed optional dependency C:\project\e-paper\e-paper\e-paper\node_modules\lightningcss-win32-arm64-msvc
19 silly reify mark deleted [
19 silly reify   'C:\\project\\e-paper\\e-paper\\e-paper\\node_modules\\lightningcss-win32-arm64-msvc'
19 silly reify ]
20 verbose reify failed optional dependency C:\project\e-paper\e-paper\e-paper\node_modules\lightningcss-linux-x64-musl
21 silly reify mark deleted [
21 silly reify   'C:\\project\\e-paper\\e-paper\\e-paper\\node_modules\\lightningcss-linux-x64-musl'
21 silly reify ]
22 verbose reify failed optional dependency C:\project\e-paper\e-paper\e-paper\node_modules\lightningcss-linux-x64-gnu
23 silly reify mark deleted [
23 silly reify   'C:\\project\\e-paper\\e-paper\\e-paper\\node_modules\\lightningcss-linux-x64-gnu'
23 silly reify ]
24 verbose reify failed optional dependency C:\project\e-paper\e-paper\e-paper\node_modules\lightningcss-linux-arm64-musl
25 silly reify mark deleted [
25 silly reify   'C:\\project\\e-paper\\e-paper\\e-paper\\node_modules\\lightningcss-linux-arm64-musl'
25 silly reify ]
26 verbose reify failed optional dependency C:\project\e-paper\e-paper\e-paper\node_modules\lightningcss-linux-arm64-gnu
27 silly reify mark deleted [
27 silly reify   'C:\\project\\e-paper\\e-paper\\e-paper\\node_modules\\lightningcss-linux-arm64-gnu'
27 silly reify ]
28 verbose reify failed optional dependency C:\project\e-paper\e-paper\e-paper\node_modules\lightningcss-linux-arm-gnueabihf
29 silly reify mark deleted [
29 silly reify   'C:\\project\\e-paper\\e-paper\\e-paper\\node_modules\\lightningcss-linux-arm-gnueabihf'
29 silly reify ]
30 verbose reify failed optional dependency C:\project\e-paper\e-paper\e-paper\node_modules\lightningcss-freebsd-x64
31 silly reify mark deleted [
31 silly reify   'C:\\project\\e-paper\\e-paper\\e-paper\\node_modules\\lightningcss-freebsd-x64'
31 silly reify ]
32 verbose reify failed optional dependency C:\project\e-paper\e-paper\e-paper\node_modules\lightningcss-darwin-x64
33 silly reify mark deleted [
33 silly reify   'C:\\project\\e-paper\\e-paper\\e-paper\\node_modules\\lightningcss-darwin-x64'
33 silly reify ]
34 verbose reify failed optional dependency C:\project\e-paper\e-paper\e-paper\node_modules\lightningcss-darwin-arm64
35 silly reify mark deleted [
35 silly reify   'C:\\project\\e-paper\\e-paper\\e-paper\\node_modules\\lightningcss-darwin-arm64'
35 silly reify ]
36 verbose reify failed optional dependency C:\project\e-paper\e-paper\e-paper\node_modules\fsevents
37 silly reify mark deleted [ 'C:\\project\\e-paper\\e-paper\\e-paper\\node_modules\\fsevents' ]
38 verbose reify failed optional dependency C:\project\e-paper\e-paper\e-paper\node_modules\esbuild-windows-arm64
39 silly reify mark deleted [
39 silly reify   'C:\\project\\e-paper\\e-paper\\e-paper\\node_modules\\esbuild-windows-arm64'
39 silly reify ]
40 verbose reify failed optional dependency C:\project\e-paper\e-paper\e-paper\node_modules\esbuild-windows-32
41 silly reify mark deleted [
41 silly reify   'C:\\project\\e-paper\\e-paper\\e-paper\\node_modules\\esbuild-windows-32'
41 silly reify ]
42 verbose reify failed optional dependency C:\project\e-paper\e-paper\e-paper\node_modules\esbuild-sunos-64
43 silly reify mark deleted [
43 silly reify   'C:\\project\\e-paper\\e-paper\\e-paper\\node_modules\\esbuild-sunos-64'
43 silly reify ]
44 verbose reify failed optional dependency C:\project\e-paper\e-paper\e-paper\node_modules\esbuild-openbsd-64
45 silly reify mark deleted [
45 silly reify   'C:\\project\\e-paper\\e-paper\\e-paper\\node_modules\\esbuild-openbsd-64'
45 silly reify ]
46 verbose reify failed optional dependency C:\project\e-paper\e-paper\e-paper\node_modules\esbuild-netbsd-64
47 silly reify mark deleted [
47 silly reify   'C:\\project\\e-paper\\e-paper\\e-paper\\node_modules\\esbuild-netbsd-64'
47 silly reify ]
48 verbose reify failed optional dependency C:\project\e-paper\e-paper\e-paper\node_modules\esbuild-linux-s390x
49 silly reify mark deleted [
49 silly reify   'C:\\project\\e-paper\\e-paper\\e-paper\\node_modules\\esbuild-linux-s390x'
49 silly reify ]
50 verbose reify failed optional dependency C:\project\e-paper\e-paper\e-paper\node_modules\esbuild-linux-riscv64
51 silly reify mark deleted [
51 silly reify   'C:\\project\\e-paper\\e-paper\\e-paper\\node_modules\\esbuild-linux-riscv64'
51 silly reify ]
52 verbose reify failed optional dependency C:\project\e-paper\e-paper\e-paper\node_modules\esbuild-linux-ppc64le
53 silly reify mark deleted [
53 silly reify   'C:\\project\\e-paper\\e-paper\\e-paper\\node_modules\\esbuild-linux-ppc64le'
53 silly reify ]
54 verbose reify failed optional dependency C:\project\e-paper\e-paper\e-paper\node_modules\esbuild-linux-mips64le
55 silly reify mark deleted [
55 silly reify   'C:\\project\\e-paper\\e-paper\\e-paper\\node_modules\\esbuild-linux-mips64le'
55 silly reify ]
56 verbose reify failed optional dependency C:\project\e-paper\e-paper\e-paper\node_modules\esbuild-linux-arm64
57 silly reify mark deleted [
57 silly reify   'C:\\project\\e-paper\\e-paper\\e-paper\\node_modules\\esbuild-linux-arm64'
57 silly reify ]
58 verbose reify failed optional dependency C:\project\e-paper\e-paper\e-paper\node_modules\esbuild-linux-arm
59 silly reify mark deleted [
59 silly reify   'C:\\project\\e-paper\\e-paper\\e-paper\\node_modules\\esbuild-linux-arm'
59 silly reify ]
60 verbose reify failed optional dependency C:\project\e-paper\e-paper\e-paper\node_modules\esbuild-linux-64
61 silly reify mark deleted [
61 silly reify   'C:\\project\\e-paper\\e-paper\\e-paper\\node_modules\\esbuild-linux-64'
61 silly reify ]
62 verbose reify failed optional dependency C:\project\e-paper\e-paper\e-paper\node_modules\esbuild-linux-32
63 silly reify mark deleted [
63 silly reify   'C:\\project\\e-paper\\e-paper\\e-paper\\node_modules\\esbuild-linux-32'
63 silly reify ]
64 verbose reify failed optional dependency C:\project\e-paper\e-paper\e-paper\node_modules\esbuild-freebsd-arm64
65 silly reify mark deleted [
65 silly reify   'C:\\project\\e-paper\\e-paper\\e-paper\\node_modules\\esbuild-freebsd-arm64'
65 silly reify ]
66 verbose reify failed optional dependency C:\project\e-paper\e-paper\e-paper\node_modules\esbuild-freebsd-64
67 silly reify mark deleted [
67 silly reify   'C:\\project\\e-paper\\e-paper\\e-paper\\node_modules\\esbuild-freebsd-64'
67 silly reify ]
68 verbose reify failed optional dependency C:\project\e-paper\e-paper\e-paper\node_modules\esbuild-darwin-arm64
69 silly reify mark deleted [
69 silly reify   'C:\\project\\e-paper\\e-paper\\e-paper\\node_modules\\esbuild-darwin-arm64'
69 silly reify ]
70 verbose reify failed optional dependency C:\project\e-paper\e-paper\e-paper\node_modules\esbuild-darwin-64
71 silly reify mark deleted [
71 silly reify   'C:\\project\\e-paper\\e-paper\\e-paper\\node_modules\\esbuild-darwin-64'
71 silly reify ]
72 verbose reify failed optional dependency C:\project\e-paper\e-paper\e-paper\node_modules\esbuild-android-arm64
73 silly reify mark deleted [
73 silly reify   'C:\\project\\e-paper\\e-paper\\e-paper\\node_modules\\esbuild-android-arm64'
73 silly reify ]
74 verbose reify failed optional dependency C:\project\e-paper\e-paper\e-paper\node_modules\esbuild-android-64
75 silly reify mark deleted [
75 silly reify   'C:\\project\\e-paper\\e-paper\\e-paper\\node_modules\\esbuild-android-64'
75 silly reify ]
76 verbose reify failed optional dependency C:\project\e-paper\e-paper\e-paper\node_modules\@unrs\resolver-binding-win32-ia32-msvc
77 silly reify mark deleted [
77 silly reify   'C:\\project\\e-paper\\e-paper\\e-paper\\node_modules\\@unrs\\resolver-binding-win32-ia32-msvc'
77 silly reify ]
78 verbose reify failed optional dependency C:\project\e-paper\e-paper\e-paper\node_modules\@unrs\resolver-binding-win32-arm64-msvc
79 silly reify mark deleted [
79 silly reify   'C:\\project\\e-paper\\e-paper\\e-paper\\node_modules\\@unrs\\resolver-binding-win32-arm64-msvc'
79 silly reify ]
80 verbose reify failed optional dependency C:\project\e-paper\e-paper\e-paper\node_modules\@unrs\resolver-binding-wasm32-wasi
81 silly reify mark deleted [
81 silly reify   'C:\\project\\e-paper\\e-paper\\e-paper\\node_modules\\@unrs\\resolver-binding-wasm32-wasi'
81 silly reify ]
82 verbose reify failed optional dependency C:\project\e-paper\e-paper\e-paper\node_modules\@unrs\resolver-binding-linux-x64-musl
83 silly reify mark deleted [
83 silly reify   'C:\\project\\e-paper\\e-paper\\e-paper\\node_modules\\@unrs\\resolver-binding-linux-x64-musl'
83 silly reify ]
84 verbose reify failed optional dependency C:\project\e-paper\e-paper\e-paper\node_modules\@unrs\resolver-binding-linux-x64-gnu
85 silly reify mark deleted [
85 silly reify   'C:\\project\\e-paper\\e-paper\\e-paper\\node_modules\\@unrs\\resolver-binding-linux-x64-gnu'
85 silly reify ]
86 verbose reify failed optional dependency C:\project\e-paper\e-paper\e-paper\node_modules\@unrs\resolver-binding-linux-s390x-gnu
87 silly reify mark deleted [
87 silly reify   'C:\\project\\e-paper\\e-paper\\e-paper\\node_modules\\@unrs\\resolver-binding-linux-s390x-gnu'
87 silly reify ]
88 verbose reify failed optional dependency C:\project\e-paper\e-paper\e-paper\node_modules\@unrs\resolver-binding-linux-riscv64-musl
89 silly reify mark deleted [
89 silly reify   'C:\\project\\e-paper\\e-paper\\e-paper\\node_modules\\@unrs\\resolver-binding-linux-riscv64-musl'
89 silly reify ]
90 verbose reify failed optional dependency C:\project\e-paper\e-paper\e-paper\node_modules\@unrs\resolver-binding-linux-riscv64-gnu
91 silly reify mark deleted [
91 silly reify   'C:\\project\\e-paper\\e-paper\\e-paper\\node_modules\\@unrs\\resolver-binding-linux-riscv64-gnu'
91 silly reify ]
92 verbose reify failed optional dependency C:\project\e-paper\e-paper\e-paper\node_modules\@unrs\resolver-binding-linux-ppc64-gnu
93 silly reify mark deleted [
93 silly reify   'C:\\project\\e-paper\\e-paper\\e-paper\\node_modules\\@unrs\\resolver-binding-linux-ppc64-gnu'
93 silly reify ]
94 verbose reify failed optional dependency C:\project\e-paper\e-paper\e-paper\node_modules\@unrs\resolver-binding-linux-arm64-musl
95 silly reify mark deleted [
95 silly reify   'C:\\project\\e-paper\\e-paper\\e-paper\\node_modules\\@unrs\\resolver-binding-linux-arm64-musl'
95 silly reify ]
96 verbose reify failed optional dependency C:\project\e-paper\e-paper\e-paper\node_modules\@unrs\resolver-binding-linux-arm64-gnu
97 silly reify mark deleted [
97 silly reify   'C:\\project\\e-paper\\e-paper\\e-paper\\node_modules\\@unrs\\resolver-binding-linux-arm64-gnu'
97 silly reify ]
98 verbose reify failed optional dependency C:\project\e-paper\e-paper\e-paper\node_modules\@unrs\resolver-binding-linux-arm-musleabihf
99 silly reify mark deleted [
99 silly reify   'C:\\project\\e-paper\\e-paper\\e-paper\\node_modules\\@unrs\\resolver-binding-linux-arm-musleabihf'
99 silly reify ]
100 verbose reify failed optional dependency C:\project\e-paper\e-paper\e-paper\node_modules\@unrs\resolver-binding-linux-arm-gnueabihf
101 silly reify mark deleted [
101 silly reify   'C:\\project\\e-paper\\e-paper\\e-paper\\node_modules\\@unrs\\resolver-binding-linux-arm-gnueabihf'
101 silly reify ]
102 verbose reify failed optional dependency C:\project\e-paper\e-paper\e-paper\node_modules\@unrs\resolver-binding-freebsd-x64
103 silly reify mark deleted [
103 silly reify   'C:\\project\\e-paper\\e-paper\\e-paper\\node_modules\\@unrs\\resolver-binding-freebsd-x64'
103 silly reify ]
104 verbose reify failed optional dependency C:\project\e-paper\e-paper\e-paper\node_modules\@unrs\resolver-binding-darwin-x64
105 silly reify mark deleted [
105 silly reify   'C:\\project\\e-paper\\e-paper\\e-paper\\node_modules\\@unrs\\resolver-binding-darwin-x64'
105 silly reify ]
106 verbose reify failed optional dependency C:\project\e-paper\e-paper\e-paper\node_modules\@unrs\resolver-binding-darwin-arm64
107 silly reify mark deleted [
107 silly reify   'C:\\project\\e-paper\\e-paper\\e-paper\\node_modules\\@unrs\\resolver-binding-darwin-arm64'
107 silly reify ]
108 verbose reify failed optional dependency C:\project\e-paper\e-paper\e-paper\node_modules\@tailwindcss\oxide-win32-arm64-msvc
109 silly reify mark deleted [
109 silly reify   'C:\\project\\e-paper\\e-paper\\e-paper\\node_modules\\@tailwindcss\\oxide-win32-arm64-msvc'
109 silly reify ]
110 verbose reify failed optional dependency C:\project\e-paper\e-paper\e-paper\node_modules\@tailwindcss\oxide-linux-x64-musl
111 silly reify mark deleted [
111 silly reify   'C:\\project\\e-paper\\e-paper\\e-paper\\node_modules\\@tailwindcss\\oxide-linux-x64-musl'
111 silly reify ]
112 verbose reify failed optional dependency C:\project\e-paper\e-paper\e-paper\node_modules\@tailwindcss\oxide-linux-x64-gnu
113 silly reify mark deleted [
113 silly reify   'C:\\project\\e-paper\\e-paper\\e-paper\\node_modules\\@tailwindcss\\oxide-linux-x64-gnu'
113 silly reify ]
114 verbose reify failed optional dependency C:\project\e-paper\e-paper\e-paper\node_modules\@tailwindcss\oxide-linux-arm64-musl
115 silly reify mark deleted [
115 silly reify   'C:\\project\\e-paper\\e-paper\\e-paper\\node_modules\\@tailwindcss\\oxide-linux-arm64-musl'
115 silly reify ]
116 verbose reify failed optional dependency C:\project\e-paper\e-paper\e-paper\node_modules\@tailwindcss\oxide-linux-arm64-gnu
117 silly reify mark deleted [
117 silly reify   'C:\\project\\e-paper\\e-paper\\e-paper\\node_modules\\@tailwindcss\\oxide-linux-arm64-gnu'
117 silly reify ]
118 verbose reify failed optional dependency C:\project\e-paper\e-paper\e-paper\node_modules\@tailwindcss\oxide-linux-arm-gnueabihf
119 silly reify mark deleted [
119 silly reify   'C:\\project\\e-paper\\e-paper\\e-paper\\node_modules\\@tailwindcss\\oxide-linux-arm-gnueabihf'
119 silly reify ]
120 verbose reify failed optional dependency C:\project\e-paper\e-paper\e-paper\node_modules\@tailwindcss\oxide-freebsd-x64
121 silly reify mark deleted [
121 silly reify   'C:\\project\\e-paper\\e-paper\\e-paper\\node_modules\\@tailwindcss\\oxide-freebsd-x64'
121 silly reify ]
122 verbose reify failed optional dependency C:\project\e-paper\e-paper\e-paper\node_modules\@tailwindcss\oxide-darwin-x64
123 silly reify mark deleted [
123 silly reify   'C:\\project\\e-paper\\e-paper\\e-paper\\node_modules\\@tailwindcss\\oxide-darwin-x64'
123 silly reify ]
124 verbose reify failed optional dependency C:\project\e-paper\e-paper\e-paper\node_modules\@tailwindcss\oxide-darwin-arm64
125 silly reify mark deleted [
125 silly reify   'C:\\project\\e-paper\\e-paper\\e-paper\\node_modules\\@tailwindcss\\oxide-darwin-arm64'
125 silly reify ]
126 verbose reify failed optional dependency C:\project\e-paper\e-paper\e-paper\node_modules\@tailwindcss\oxide-android-arm64
127 silly reify mark deleted [
127 silly reify   'C:\\project\\e-paper\\e-paper\\e-paper\\node_modules\\@tailwindcss\\oxide-android-arm64'
127 silly reify ]
128 verbose reify failed optional dependency C:\project\e-paper\e-paper\e-paper\node_modules\@rollup\rollup-win32-ia32-msvc
129 silly reify mark deleted [
129 silly reify   'C:\\project\\e-paper\\e-paper\\e-paper\\node_modules\\@rollup\\rollup-win32-ia32-msvc'
129 silly reify ]
130 verbose reify failed optional dependency C:\project\e-paper\e-paper\e-paper\node_modules\@rollup\rollup-win32-arm64-msvc
131 silly reify mark deleted [
131 silly reify   'C:\\project\\e-paper\\e-paper\\e-paper\\node_modules\\@rollup\\rollup-win32-arm64-msvc'
131 silly reify ]
132 verbose reify failed optional dependency C:\project\e-paper\e-paper\e-paper\node_modules\@rollup\rollup-linux-x64-musl
133 silly reify mark deleted [
133 silly reify   'C:\\project\\e-paper\\e-paper\\e-paper\\node_modules\\@rollup\\rollup-linux-x64-musl'
133 silly reify ]
134 verbose reify failed optional dependency C:\project\e-paper\e-paper\e-paper\node_modules\@rollup\rollup-linux-x64-gnu
135 silly reify mark deleted [
135 silly reify   'C:\\project\\e-paper\\e-paper\\e-paper\\node_modules\\@rollup\\rollup-linux-x64-gnu'
135 silly reify ]
136 verbose reify failed optional dependency C:\project\e-paper\e-paper\e-paper\node_modules\@rollup\rollup-linux-s390x-gnu
137 silly reify mark deleted [
137 silly reify   'C:\\project\\e-paper\\e-paper\\e-paper\\node_modules\\@rollup\\rollup-linux-s390x-gnu'
137 silly reify ]
138 verbose reify failed optional dependency C:\project\e-paper\e-paper\e-paper\node_modules\@rollup\rollup-linux-riscv64-musl
139 silly reify mark deleted [
139 silly reify   'C:\\project\\e-paper\\e-paper\\e-paper\\node_modules\\@rollup\\rollup-linux-riscv64-musl'
139 silly reify ]
140 verbose reify failed optional dependency C:\project\e-paper\e-paper\e-paper\node_modules\@rollup\rollup-linux-riscv64-gnu
141 silly reify mark deleted [
141 silly reify   'C:\\project\\e-paper\\e-paper\\e-paper\\node_modules\\@rollup\\rollup-linux-riscv64-gnu'
141 silly reify ]
142 verbose reify failed optional dependency C:\project\e-paper\e-paper\e-paper\node_modules\@rollup\rollup-linux-powerpc64le-gnu
143 silly reify mark deleted [
143 silly reify   'C:\\project\\e-paper\\e-paper\\e-paper\\node_modules\\@rollup\\rollup-linux-powerpc64le-gnu'
143 silly reify ]
144 verbose reify failed optional dependency C:\project\e-paper\e-paper\e-paper\node_modules\@rollup\rollup-linux-loongarch64-gnu
145 silly reify mark deleted [
145 silly reify   'C:\\project\\e-paper\\e-paper\\e-paper\\node_modules\\@rollup\\rollup-linux-loongarch64-gnu'
145 silly reify ]
146 verbose reify failed optional dependency C:\project\e-paper\e-paper\e-paper\node_modules\@rollup\rollup-linux-arm64-musl
147 silly reify mark deleted [
147 silly reify   'C:\\project\\e-paper\\e-paper\\e-paper\\node_modules\\@rollup\\rollup-linux-arm64-musl'
147 silly reify ]
148 verbose reify failed optional dependency C:\project\e-paper\e-paper\e-paper\node_modules\@rollup\rollup-linux-arm64-gnu
149 silly reify mark deleted [
149 silly reify   'C:\\project\\e-paper\\e-paper\\e-paper\\node_modules\\@rollup\\rollup-linux-arm64-gnu'
149 silly reify ]
150 verbose reify failed optional dependency C:\project\e-paper\e-paper\e-paper\node_modules\@rollup\rollup-linux-arm-musleabihf
151 silly reify mark deleted [
151 silly reify   'C:\\project\\e-paper\\e-paper\\e-paper\\node_modules\\@rollup\\rollup-linux-arm-musleabihf'
151 silly reify ]
152 verbose reify failed optional dependency C:\project\e-paper\e-paper\e-paper\node_modules\@rollup\rollup-linux-arm-gnueabihf
153 silly reify mark deleted [
153 silly reify   'C:\\project\\e-paper\\e-paper\\e-paper\\node_modules\\@rollup\\rollup-linux-arm-gnueabihf'
153 silly reify ]
154 verbose reify failed optional dependency C:\project\e-paper\e-paper\e-paper\node_modules\@rollup\rollup-freebsd-x64
155 silly reify mark deleted [
155 silly reify   'C:\\project\\e-paper\\e-paper\\e-paper\\node_modules\\@rollup\\rollup-freebsd-x64'
155 silly reify ]
156 verbose reify failed optional dependency C:\project\e-paper\e-paper\e-paper\node_modules\@rollup\rollup-freebsd-arm64
157 silly reify mark deleted [
157 silly reify   'C:\\project\\e-paper\\e-paper\\e-paper\\node_modules\\@rollup\\rollup-freebsd-arm64'
157 silly reify ]
158 verbose reify failed optional dependency C:\project\e-paper\e-paper\e-paper\node_modules\@rollup\rollup-darwin-x64
159 silly reify mark deleted [
159 silly reify   'C:\\project\\e-paper\\e-paper\\e-paper\\node_modules\\@rollup\\rollup-darwin-x64'
159 silly reify ]
160 verbose reify failed optional dependency C:\project\e-paper\e-paper\e-paper\node_modules\@rollup\rollup-darwin-arm64
161 silly reify mark deleted [
161 silly reify   'C:\\project\\e-paper\\e-paper\\e-paper\\node_modules\\@rollup\\rollup-darwin-arm64'
161 silly reify ]
162 verbose reify failed optional dependency C:\project\e-paper\e-paper\e-paper\node_modules\@rollup\rollup-android-arm64
163 silly reify mark deleted [
163 silly reify   'C:\\project\\e-paper\\e-paper\\e-paper\\node_modules\\@rollup\\rollup-android-arm64'
163 silly reify ]
164 verbose reify failed optional dependency C:\project\e-paper\e-paper\e-paper\node_modules\@rollup\rollup-android-arm-eabi
165 silly reify mark deleted [
165 silly reify   'C:\\project\\e-paper\\e-paper\\e-paper\\node_modules\\@rollup\\rollup-android-arm-eabi'
165 silly reify ]
166 verbose reify failed optional dependency C:\project\e-paper\e-paper\e-paper\node_modules\@next\swc-win32-arm64-msvc
167 silly reify mark deleted [
167 silly reify   'C:\\project\\e-paper\\e-paper\\e-paper\\node_modules\\@next\\swc-win32-arm64-msvc'
167 silly reify ]
168 verbose reify failed optional dependency C:\project\e-paper\e-paper\e-paper\node_modules\@next\swc-linux-x64-musl
169 silly reify mark deleted [
169 silly reify   'C:\\project\\e-paper\\e-paper\\e-paper\\node_modules\\@next\\swc-linux-x64-musl'
169 silly reify ]
170 verbose reify failed optional dependency C:\project\e-paper\e-paper\e-paper\node_modules\@next\swc-linux-x64-gnu
171 silly reify mark deleted [
171 silly reify   'C:\\project\\e-paper\\e-paper\\e-paper\\node_modules\\@next\\swc-linux-x64-gnu'
171 silly reify ]
172 verbose reify failed optional dependency C:\project\e-paper\e-paper\e-paper\node_modules\@next\swc-linux-arm64-musl
173 silly reify mark deleted [
173 silly reify   'C:\\project\\e-paper\\e-paper\\e-paper\\node_modules\\@next\\swc-linux-arm64-musl'
173 silly reify ]
174 verbose reify failed optional dependency C:\project\e-paper\e-paper\e-paper\node_modules\@next\swc-linux-arm64-gnu
175 silly reify mark deleted [
175 silly reify   'C:\\project\\e-paper\\e-paper\\e-paper\\node_modules\\@next\\swc-linux-arm64-gnu'
175 silly reify ]
176 verbose reify failed optional dependency C:\project\e-paper\e-paper\e-paper\node_modules\@next\swc-darwin-x64
177 silly reify mark deleted [
177 silly reify   'C:\\project\\e-paper\\e-paper\\e-paper\\node_modules\\@next\\swc-darwin-x64'
177 silly reify ]
178 verbose reify failed optional dependency C:\project\e-paper\e-paper\e-paper\node_modules\@next\swc-darwin-arm64
179 silly reify mark deleted [
179 silly reify   'C:\\project\\e-paper\\e-paper\\e-paper\\node_modules\\@next\\swc-darwin-arm64'
179 silly reify ]
180 verbose reify failed optional dependency C:\project\e-paper\e-paper\e-paper\node_modules\@img\sharp-win32-ia32
181 silly reify mark deleted [
181 silly reify   'C:\\project\\e-paper\\e-paper\\e-paper\\node_modules\\@img\\sharp-win32-ia32'
181 silly reify ]
182 verbose reify failed optional dependency C:\project\e-paper\e-paper\e-paper\node_modules\@img\sharp-wasm32
183 silly reify mark deleted [
183 silly reify   'C:\\project\\e-paper\\e-paper\\e-paper\\node_modules\\@img\\sharp-wasm32'
183 silly reify ]
184 verbose reify failed optional dependency C:\project\e-paper\e-paper\e-paper\node_modules\@img\sharp-linuxmusl-x64
185 silly reify mark deleted [
185 silly reify   'C:\\project\\e-paper\\e-paper\\e-paper\\node_modules\\@img\\sharp-linuxmusl-x64'
185 silly reify ]
186 verbose reify failed optional dependency C:\project\e-paper\e-paper\e-paper\node_modules\@img\sharp-linuxmusl-arm64
187 silly reify mark deleted [
187 silly reify   'C:\\project\\e-paper\\e-paper\\e-paper\\node_modules\\@img\\sharp-linuxmusl-arm64'
187 silly reify ]
188 verbose reify failed optional dependency C:\project\e-paper\e-paper\e-paper\node_modules\@img\sharp-linux-x64
189 silly reify mark deleted [
189 silly reify   'C:\\project\\e-paper\\e-paper\\e-paper\\node_modules\\@img\\sharp-linux-x64'
189 silly reify ]
190 verbose reify failed optional dependency C:\project\e-paper\e-paper\e-paper\node_modules\@img\sharp-linux-s390x
191 silly reify mark deleted [
191 silly reify   'C:\\project\\e-paper\\e-paper\\e-paper\\node_modules\\@img\\sharp-linux-s390x'
191 silly reify ]
192 verbose reify failed optional dependency C:\project\e-paper\e-paper\e-paper\node_modules\@img\sharp-linux-arm64
193 silly reify mark deleted [
193 silly reify   'C:\\project\\e-paper\\e-paper\\e-paper\\node_modules\\@img\\sharp-linux-arm64'
193 silly reify ]
194 verbose reify failed optional dependency C:\project\e-paper\e-paper\e-paper\node_modules\@img\sharp-linux-arm
195 silly reify mark deleted [
195 silly reify   'C:\\project\\e-paper\\e-paper\\e-paper\\node_modules\\@img\\sharp-linux-arm'
195 silly reify ]
196 verbose reify failed optional dependency C:\project\e-paper\e-paper\e-paper\node_modules\@img\sharp-libvips-linuxmusl-x64
197 silly reify mark deleted [
197 silly reify   'C:\\project\\e-paper\\e-paper\\e-paper\\node_modules\\@img\\sharp-libvips-linuxmusl-x64'
197 silly reify ]
198 verbose reify failed optional dependency C:\project\e-paper\e-paper\e-paper\node_modules\@img\sharp-libvips-linuxmusl-arm64
199 silly reify mark deleted [
199 silly reify   'C:\\project\\e-paper\\e-paper\\e-paper\\node_modules\\@img\\sharp-libvips-linuxmusl-arm64'
199 silly reify ]
200 verbose reify failed optional dependency C:\project\e-paper\e-paper\e-paper\node_modules\@img\sharp-libvips-linux-x64
201 silly reify mark deleted [
201 silly reify   'C:\\project\\e-paper\\e-paper\\e-paper\\node_modules\\@img\\sharp-libvips-linux-x64'
201 silly reify ]
202 verbose reify failed optional dependency C:\project\e-paper\e-paper\e-paper\node_modules\@img\sharp-libvips-linux-s390x
203 silly reify mark deleted [
203 silly reify   'C:\\project\\e-paper\\e-paper\\e-paper\\node_modules\\@img\\sharp-libvips-linux-s390x'
203 silly reify ]
204 verbose reify failed optional dependency C:\project\e-paper\e-paper\e-paper\node_modules\@img\sharp-libvips-linux-ppc64
205 silly reify mark deleted [
205 silly reify   'C:\\project\\e-paper\\e-paper\\e-paper\\node_modules\\@img\\sharp-libvips-linux-ppc64'
205 silly reify ]
206 verbose reify failed optional dependency C:\project\e-paper\e-paper\e-paper\node_modules\@img\sharp-libvips-linux-arm64
207 silly reify mark deleted [
207 silly reify   'C:\\project\\e-paper\\e-paper\\e-paper\\node_modules\\@img\\sharp-libvips-linux-arm64'
207 silly reify ]
208 verbose reify failed optional dependency C:\project\e-paper\e-paper\e-paper\node_modules\@img\sharp-libvips-linux-arm
209 silly reify mark deleted [
209 silly reify   'C:\\project\\e-paper\\e-paper\\e-paper\\node_modules\\@img\\sharp-libvips-linux-arm'
209 silly reify ]
210 verbose reify failed optional dependency C:\project\e-paper\e-paper\e-paper\node_modules\@img\sharp-libvips-darwin-x64
211 silly reify mark deleted [
211 silly reify   'C:\\project\\e-paper\\e-paper\\e-paper\\node_modules\\@img\\sharp-libvips-darwin-x64'
211 silly reify ]
212 verbose reify failed optional dependency C:\project\e-paper\e-paper\e-paper\node_modules\@img\sharp-libvips-darwin-arm64
213 silly reify mark deleted [
213 silly reify   'C:\\project\\e-paper\\e-paper\\e-paper\\node_modules\\@img\\sharp-libvips-darwin-arm64'
213 silly reify ]
214 verbose reify failed optional dependency C:\project\e-paper\e-paper\e-paper\node_modules\@img\sharp-darwin-x64
215 silly reify mark deleted [
215 silly reify   'C:\\project\\e-paper\\e-paper\\e-paper\\node_modules\\@img\\sharp-darwin-x64'
215 silly reify ]
216 verbose reify failed optional dependency C:\project\e-paper\e-paper\e-paper\node_modules\@img\sharp-darwin-arm64
217 silly reify mark deleted [
217 silly reify   'C:\\project\\e-paper\\e-paper\\e-paper\\node_modules\\@img\\sharp-darwin-arm64'
217 silly reify ]
218 verbose reify failed optional dependency C:\project\e-paper\e-paper\e-paper\node_modules\@esbuild\win32-ia32
219 silly reify mark deleted [
219 silly reify   'C:\\project\\e-paper\\e-paper\\e-paper\\node_modules\\@esbuild\\win32-ia32'
219 silly reify ]
220 verbose reify failed optional dependency C:\project\e-paper\e-paper\e-paper\node_modules\@esbuild\win32-arm64
221 silly reify mark deleted [
221 silly reify   'C:\\project\\e-paper\\e-paper\\e-paper\\node_modules\\@esbuild\\win32-arm64'
221 silly reify ]
222 verbose reify failed optional dependency C:\project\e-paper\e-paper\e-paper\node_modules\@esbuild\sunos-x64
223 silly reify mark deleted [
223 silly reify   'C:\\project\\e-paper\\e-paper\\e-paper\\node_modules\\@esbuild\\sunos-x64'
223 silly reify ]
224 verbose reify failed optional dependency C:\project\e-paper\e-paper\e-paper\node_modules\@esbuild\openbsd-x64
225 silly reify mark deleted [
225 silly reify   'C:\\project\\e-paper\\e-paper\\e-paper\\node_modules\\@esbuild\\openbsd-x64'
225 silly reify ]
226 verbose reify failed optional dependency C:\project\e-paper\e-paper\e-paper\node_modules\@esbuild\openbsd-arm64
227 silly reify mark deleted [
227 silly reify   'C:\\project\\e-paper\\e-paper\\e-paper\\node_modules\\@esbuild\\openbsd-arm64'
227 silly reify ]
228 verbose reify failed optional dependency C:\project\e-paper\e-paper\e-paper\node_modules\@esbuild\netbsd-x64
229 silly reify mark deleted [
229 silly reify   'C:\\project\\e-paper\\e-paper\\e-paper\\node_modules\\@esbuild\\netbsd-x64'
229 silly reify ]
230 verbose reify failed optional dependency C:\project\e-paper\e-paper\e-paper\node_modules\@esbuild\netbsd-arm64
231 silly reify mark deleted [
231 silly reify   'C:\\project\\e-paper\\e-paper\\e-paper\\node_modules\\@esbuild\\netbsd-arm64'
231 silly reify ]
232 verbose reify failed optional dependency C:\project\e-paper\e-paper\e-paper\node_modules\@esbuild\linux-x64
233 silly reify mark deleted [
233 silly reify   'C:\\project\\e-paper\\e-paper\\e-paper\\node_modules\\@esbuild\\linux-x64'
233 silly reify ]
234 verbose reify failed optional dependency C:\project\e-paper\e-paper\e-paper\node_modules\@esbuild\linux-s390x
235 silly reify mark deleted [
235 silly reify   'C:\\project\\e-paper\\e-paper\\e-paper\\node_modules\\@esbuild\\linux-s390x'
235 silly reify ]
236 verbose reify failed optional dependency C:\project\e-paper\e-paper\e-paper\node_modules\@esbuild\linux-riscv64
237 silly reify mark deleted [
237 silly reify   'C:\\project\\e-paper\\e-paper\\e-paper\\node_modules\\@esbuild\\linux-riscv64'
237 silly reify ]
238 verbose reify failed optional dependency C:\project\e-paper\e-paper\e-paper\node_modules\@esbuild\linux-ppc64
239 silly reify mark deleted [
239 silly reify   'C:\\project\\e-paper\\e-paper\\e-paper\\node_modules\\@esbuild\\linux-ppc64'
239 silly reify ]
240 verbose reify failed optional dependency C:\project\e-paper\e-paper\e-paper\node_modules\@esbuild\linux-mips64el
241 silly reify mark deleted [
241 silly reify   'C:\\project\\e-paper\\e-paper\\e-paper\\node_modules\\@esbuild\\linux-mips64el'
241 silly reify ]
242 verbose reify failed optional dependency C:\project\e-paper\e-paper\e-paper\node_modules\@esbuild\linux-loong64
243 silly reify mark deleted [
243 silly reify   'C:\\project\\e-paper\\e-paper\\e-paper\\node_modules\\@esbuild\\linux-loong64'
243 silly reify ]
244 verbose reify failed optional dependency C:\project\e-paper\e-paper\e-paper\node_modules\@esbuild\linux-ia32
245 silly reify mark deleted [
245 silly reify   'C:\\project\\e-paper\\e-paper\\e-paper\\node_modules\\@esbuild\\linux-ia32'
245 silly reify ]
246 verbose reify failed optional dependency C:\project\e-paper\e-paper\e-paper\node_modules\@esbuild\linux-arm64
247 silly reify mark deleted [
247 silly reify   'C:\\project\\e-paper\\e-paper\\e-paper\\node_modules\\@esbuild\\linux-arm64'
247 silly reify ]
248 verbose reify failed optional dependency C:\project\e-paper\e-paper\e-paper\node_modules\@esbuild\linux-arm
249 silly reify mark deleted [
249 silly reify   'C:\\project\\e-paper\\e-paper\\e-paper\\node_modules\\@esbuild\\linux-arm'
249 silly reify ]
250 verbose reify failed optional dependency C:\project\e-paper\e-paper\e-paper\node_modules\@esbuild\freebsd-x64
251 silly reify mark deleted [
251 silly reify   'C:\\project\\e-paper\\e-paper\\e-paper\\node_modules\\@esbuild\\freebsd-x64'
251 silly reify ]
252 verbose reify failed optional dependency C:\project\e-paper\e-paper\e-paper\node_modules\@esbuild\freebsd-arm64
253 silly reify mark deleted [
253 silly reify   'C:\\project\\e-paper\\e-paper\\e-paper\\node_modules\\@esbuild\\freebsd-arm64'
253 silly reify ]
254 verbose reify failed optional dependency C:\project\e-paper\e-paper\e-paper\node_modules\@esbuild\darwin-x64
255 silly reify mark deleted [
255 silly reify   'C:\\project\\e-paper\\e-paper\\e-paper\\node_modules\\@esbuild\\darwin-x64'
255 silly reify ]
256 verbose reify failed optional dependency C:\project\e-paper\e-paper\e-paper\node_modules\@esbuild\darwin-arm64
257 silly reify mark deleted [
257 silly reify   'C:\\project\\e-paper\\e-paper\\e-paper\\node_modules\\@esbuild\\darwin-arm64'
257 silly reify ]
258 verbose reify failed optional dependency C:\project\e-paper\e-paper\e-paper\node_modules\@esbuild\android-x64
259 silly reify mark deleted [
259 silly reify   'C:\\project\\e-paper\\e-paper\\e-paper\\node_modules\\@esbuild\\android-x64'
259 silly reify ]
260 verbose reify failed optional dependency C:\project\e-paper\e-paper\e-paper\node_modules\@esbuild\android-arm64
261 silly reify mark deleted [
261 silly reify   'C:\\project\\e-paper\\e-paper\\e-paper\\node_modules\\@esbuild\\android-arm64'
261 silly reify ]
262 verbose reify failed optional dependency C:\project\e-paper\e-paper\e-paper\node_modules\@esbuild\android-arm
263 silly reify mark deleted [
263 silly reify   'C:\\project\\e-paper\\e-paper\\e-paper\\node_modules\\@esbuild\\android-arm'
263 silly reify ]
264 verbose reify failed optional dependency C:\project\e-paper\e-paper\e-paper\node_modules\@esbuild\aix-ppc64
265 silly reify mark deleted [
265 silly reify   'C:\\project\\e-paper\\e-paper\\e-paper\\node_modules\\@esbuild\\aix-ppc64'
265 silly reify ]
